<?xml version="1.0" encoding="UTF-8"?>
<!-- Generated by org.testng.reporters.JUnitReportReporter -->
<testsuite hostname="RANI" failures="0" tests="1" name="testcases.SelectProductTestCase" time="1.028" errors="0" timestamp="2023-04-18T13:23:23 IST" skipped="0">
  <testcase classname="testcases.SelectProductTestCase" name="SelectProduct" time="1.028"/>
  <system-out/>
</testsuite> <!-- testcases.SelectProductTestCase -->
