<?xml version="1.0" encoding="UTF-8"?>
<!-- Generated by org.testng.reporters.JUnitReportReporter -->
<testsuite hostname="RANI" failures="0" tests="1" name="testcases.DummyfailTest" time="0.234" errors="0" timestamp="2023-04-21T13:27:15 IST" skipped="0">
  <testcase classname="testcases.DummyfailTest" name="FailTestExample" time="0.234"/>
  <system-out/>
</testsuite> <!-- testcases.DummyfailTest -->
