<?xml version="1.0" encoding="UTF-8"?>
<!-- Generated by org.testng.reporters.JUnitReportReporter -->
<testsuite hostname="RANI" failures="0" tests="1" name="testcases.SelectProductByNameTestCase" time="0.582" errors="0" timestamp="2023-04-21T13:27:15 IST" skipped="0">
  <testcase classname="testcases.SelectProductByNameTestCase" name="SelectProduct" time="0.582"/>
  <system-out/>
</testsuite> <!-- testcases.SelectProductByNameTestCase -->
