<?xml version="1.0" encoding="UTF-8"?>
<!-- Generated by org.testng.reporters.JUnitReportReporter -->
<testsuite hostname="RANI" failures="0" tests="4" name="testcases.LoginTestCases" time="2.804" errors="0" timestamp="2023-04-21T13:27:15 IST" skipped="0">
  <testcase classname="testcases.LoginTestCases" name="verifyUser" time="0.260"/>
  <system-out/>
  <testcase classname="testcases.LoginTestCases" name="verifyUser" time="1.387"/>
  <system-out/>
  <testcase classname="testcases.LoginTestCases" name="verifyUser" time="0.481"/>
  <system-out/>
  <testcase classname="testcases.LoginTestCases" name="verifyUser" time="0.676"/>
  <system-out/>
</testsuite> <!-- testcases.LoginTestCases -->
