<?xml version="1.0" encoding="UTF-8"?>
<!-- Generated by org.testng.reporters.JUnitReportReporter -->
<testsuite hostname="RANI" failures="0" tests="1" name="testcases.TitleTestCase" time="0.119" errors="0" timestamp="2023-04-21T13:27:15 IST" skipped="0">
  <testcase classname="testcases.TitleTestCase" name="Tiltle" time="0.119"/>
  <system-out/>
</testsuite> <!-- testcases.TitleTestCase -->
